<?xml version="1.0" encoding="UTF-8"?>
<!-- Generated by org.testng.reporters.JUnitReportReporter -->
<testsuite hostname="Jitendras-MacBook-Air.local" failures="0" tests="1" name="com.firebase.test.base.BaseTest" time="7.915" errors="0" timestamp="2022-09-26T11:16:04 EDT" skipped="0">
  <testcase classname="com.firebase.test.base.BaseTest" name="loginToSalesForce" time="7.915"/>
  <system-out/>
</testsuite> <!-- com.firebase.test.base.BaseTest -->
