<?xml version="1.0" encoding="UTF-8"?>
<!-- Generated by org.testng.reporters.JUnitReportReporter -->
<testsuite hostname="Jitendras-MacBook-Air.local" failures="0" tests="1" name="com.firebase.test.tests.AutomationScripts" time="6.344" errors="0" timestamp="2022-09-30T10:55:51 EDT" skipped="0">
  <testcase classname="com.firebase.test.tests.AutomationScripts" name="TestID_1LoginErrorMessage" time="6.344"/>
  <system-out/>
</testsuite> <!-- com.firebase.test.tests.AutomationScripts -->
