<?xml version="1.0" encoding="UTF-8"?>
<!-- Generated by org.testng.reporters.JUnitReportReporter -->
<testsuite hostname="Jitendras-MacBook-Air.local" failures="0" tests="2" name="com.firebase.test.tests.logTest" time="0.014" errors="0" timestamp="2022-09-26T15:44:10 EDT" skipped="0">
  <testcase classname="com.firebase.test.tests.logTest" name="performSomeTask1" time="0.003"/>
  <system-out/>
  <testcase classname="com.firebase.test.tests.logTest" name="performSomeTask" time="0.011"/>
  <system-out/>
</testsuite> <!-- com.firebase.test.tests.logTest -->
