<?xml version="1.0" encoding="UTF-8"?>
<!-- Generated by org.testng.reporters.JUnitReportReporter -->
<testsuite hostname="Jitendras-MacBook-Air.local" failures="0" tests="5" name="com.test.tests.EmployeeApiTestScriptE2E" time="3.924" errors="0" timestamp="2022-10-20T23:23:10 EDT" skipped="0">
  <testcase classname="com.test.tests.EmployeeApiTestScriptE2E" name="TC_001" time="1.503"/>
  <system-out/>
  <testcase classname="com.test.tests.EmployeeApiTestScriptE2E" name="TC_002_addUserData" time="0.455"/>
  <system-out/>
  <testcase classname="com.test.tests.EmployeeApiTestScriptE2E" name="TC_003" time="0.746"/>
  <system-out/>
  <testcase classname="com.test.tests.EmployeeApiTestScriptE2E" name="TC_004" time="0.611"/>
  <system-out/>
  <testcase classname="com.test.tests.EmployeeApiTestScriptE2E" name="TC_005" time="0.609"/>
  <system-out/>
</testsuite> <!-- com.test.tests.EmployeeApiTestScriptE2E -->
