<?xml version="1.0" encoding="UTF-8"?>
<!-- Generated by org.testng.reporters.JUnitReportReporter -->
<testsuite hostname="Jitendras-MacBook-Air.local" failures="0" tests="5" name="com.simpleTest.TekarchLogin" time="1.127" errors="0" timestamp="2022-10-12T21:48:08 EDT" skipped="4">
  <testcase classname="com.simpleTest.TekarchLogin" name="deleteUserInfo" time="1.127"/>
  <system-out/>
  <testcase classname="com.simpleTest.TekarchLogin" name="getUserDetails">
    <skipped/>
  </testcase> <!-- getUserDetails -->
  <system-out/>
  <testcase classname="com.simpleTest.TekarchLogin" name="createUSerDetails">
    <skipped/>
  </testcase> <!-- createUSerDetails -->
  <system-out/>
  <testcase classname="com.simpleTest.TekarchLogin" name="updateUSerDetails">
    <skipped/>
  </testcase> <!-- updateUSerDetails -->
  <system-out/>
  <testcase classname="com.simpleTest.TekarchLogin" name="loginToApi">
    <skipped/>
  </testcase> <!-- loginToApi -->
  <system-out/>
</testsuite> <!-- com.simpleTest.TekarchLogin -->
