<?xml version="1.0" encoding="UTF-8"?>
<!-- Generated by org.testng.reporters.JUnitReportReporter -->
<testsuite hostname="Jitendras-MacBook-Air.local" failures="0" tests="1" name="com.simpleTest.HomeWorkAPI" time="1.418" errors="0" timestamp="2022-10-13T11:10:45 EDT" skipped="0">
  <testcase classname="com.simpleTest.HomeWorkAPI" name="FirstTest1" time="1.418"/>
  <system-out/>
</testsuite> <!-- com.simpleTest.HomeWorkAPI -->
